<?xml version="1.0" encoding="UTF-8"?>
<!-- Generated by org.testng.reporters.JUnitXMLReporter -->
<testsuite ignored="6" hostname="LAPTOP-RLDCMF74" failures="0" tests="12" name="Test" time="0.138" errors="0" timestamp="2023-05-24T11:00:22 IST">
  <testcase classname="test.A" name="m1" time="0.01"/>
  <testcase classname="test.A" name="m2" time="0.002"/>
  <testcase classname="test.A" name="m3" time="0.002"/>
  <testcase classname="test.C" name="m7" time="0.002"/>
  <testcase classname="test.C" name="m8" time="0.002"/>
  <testcase classname="test.C" name="m9" time="0.002"/>
  <testcase classname="test.B" name="m4" time="0.001"/>
  <testcase classname="test.B" name="m5" time="0.002"/>
  <testcase classname="test.B" name="m6" time="0.001"/>
  <testcase classname="test.D" name="m7" time="0.002"/>
  <testcase classname="test.D" name="m8" time="0.003"/>
  <testcase classname="test.D" name="m9" time="0.001"/>
  <testcase classname="test.Parent" name="@BeforeSuite beforesuite" time="0.0">
    <ignored/>
  </testcase> <!-- @BeforeSuite beforesuite -->
  <testcase classname="test.Parent" name="@BeforeSuite beforesuite" time="0.0">
    <ignored/>
  </testcase> <!-- @BeforeSuite beforesuite -->
  <testcase classname="test.Parent" name="@BeforeSuite beforesuite" time="0.0">
    <ignored/>
  </testcase> <!-- @BeforeSuite beforesuite -->
  <testcase classname="test.Parent" name="@AfterSuite aftersuite" time="0.0">
    <ignored/>
  </testcase> <!-- @AfterSuite aftersuite -->
  <testcase classname="test.Parent" name="@AfterSuite aftersuite" time="0.0">
    <ignored/>
  </testcase> <!-- @AfterSuite aftersuite -->
  <testcase classname="test.Parent" name="@AfterSuite aftersuite" time="0.0">
    <ignored/>
  </testcase> <!-- @AfterSuite aftersuite -->
</testsuite> <!-- Test -->
