<?xml version="1.0" encoding="UTF-8"?>
<!-- Generated by org.testng.reporters.JUnitXMLReporter -->
<testsuite ignored="4" hostname="LAPTOP-RLDCMF74" failures="0" tests="4" name="Test1" time="0.085" errors="0" timestamp="2023-05-14T21:31:33 IST">
  <testcase classname="test.A" name="m3" time="0.008"/>
  <testcase classname="test.B" name="m4" time="0.002"/>
  <testcase classname="test.B" name="m5" time="0.003"/>
  <testcase classname="test.B" name="m6" time="0.002"/>
  <testcase classname="test.Parent" name="@BeforeSuite beforesuite" time="0.0">
    <ignored/>
  </testcase> <!-- @BeforeSuite beforesuite -->
  <testcase classname="test.A" name="m1" time="0.0">
    <ignored/>
  </testcase> <!-- m1 -->
  <testcase classname="test.A" name="m2" time="0.0">
    <ignored/>
  </testcase> <!-- m2 -->
  <testcase classname="test.Parent" name="@AfterSuite aftersuite" time="0.0">
    <ignored/>
  </testcase> <!-- @AfterSuite aftersuite -->
</testsuite> <!-- Test1 -->
