<?xml version="1.0" encoding="UTF-8"?>
<!-- Generated by org.testng.reporters.JUnitXMLReporter -->
<testsuite ignored="2" hostname="LAPTOP-RLDCMF74" failures="0" tests="6" name="Test2" time="0.028" errors="0" timestamp="2023-05-14T21:31:33 IST">
  <testcase classname="test.C" name="m7" time="0.002"/>
  <testcase classname="test.C" name="m8" time="0.001"/>
  <testcase classname="test.C" name="m9" time="0.001"/>
  <testcase classname="test.D" name="m7" time="0.002"/>
  <testcase classname="test.D" name="m8" time="0.001"/>
  <testcase classname="test.D" name="m9" time="0.001"/>
  <testcase classname="test.Parent" name="@BeforeSuite beforesuite" time="0.0">
    <ignored/>
  </testcase> <!-- @BeforeSuite beforesuite -->
  <testcase classname="test.Parent" name="@AfterSuite aftersuite" time="0.0">
    <ignored/>
  </testcase> <!-- @AfterSuite aftersuite -->
</testsuite> <!-- Test2 -->
