<?xml version="1.0" encoding="UTF-8"?>
<testng-results ignored="0" total="3" passed="3" failed="0" skipped="0">
  <reporter-output>
  </reporter-output>
  <suite started-at="2023-07-27T00:27:32 IST" name="Default suite" finished-at="2023-07-27T00:27:32 IST" duration-ms="86">
    <groups>
    </groups>
    <test started-at="2023-07-27T00:27:32 IST" name="Default test" finished-at="2023-07-27T00:27:32 IST" duration-ms="86">
      <class name="samlple.Test1">
        <test-method signature="m1()[pri:0, instance:samlple.Test1@6dbb137d]" started-at="2023-07-27T00:27:32 IST" name="m1" finished-at="2023-07-27T00:27:32 IST" duration-ms="15" status="PASS">
          <reporter-output>
          </reporter-output>
        </test-method> <!-- m1 -->
        <test-method signature="m2()[pri:0, instance:samlple.Test1@6dbb137d]" started-at="2023-07-27T00:27:32 IST" name="m2" finished-at="2023-07-27T00:27:32 IST" duration-ms="2" status="PASS">
          <reporter-output>
          </reporter-output>
        </test-method> <!-- m2 -->
        <test-method signature="m3()[pri:0, instance:samlple.Test1@6dbb137d]" started-at="2023-07-27T00:27:32 IST" name="m3" finished-at="2023-07-27T00:27:32 IST" duration-ms="2" status="PASS">
          <reporter-output>
          </reporter-output>
        </test-method> <!-- m3 -->
      </class> <!-- samlple.Test1 -->
    </test> <!-- Default test -->
  </suite> <!-- Default suite -->
</testng-results>
